<?xml version="1.0" encoding="UTF-8"?>
<!-- Generated by org.testng.reporters.JUnitReportReporter -->
<testsuite hostname="SCI-BD-L17-3291" failures="0" tests="4" name="pinoyParent.testCases.Login_TestCase" time="281.366" errors="0" timestamp="2022-06-26T12:18:33 BDT" skipped="0">
  <testcase classname="pinoyParent.testCases.Login_TestCase" name="loginTest" time="64.360"/>
  <system-out/>
  <testcase classname="pinoyParent.testCases.Login_TestCase" name="invalidUser" time="67.814"/>
  <system-out/>
  <testcase classname="pinoyParent.testCases.Login_TestCase" name="invalidPass" time="76.409"/>
  <system-out/>
  <testcase classname="pinoyParent.testCases.Login_TestCase" name="loginWithEmptyFields" time="72.783"/>
  <system-out/>
</testsuite> <!-- pinoyParent.testCases.Login_TestCase -->
